<?xml version="1.0" encoding="UTF-8"?>
<testsuite name="edu.jsu.mcis.TicTacToeViewTest" tests="1" skipped="0" failures="0" errors="0" timestamp="2017-09-22T18:00:45" hostname="DESKTOP-GH2BJSI" time="0.008">
  <properties/>
  <testcase name="testViewOfBlankGrid" classname="edu.jsu.mcis.TicTacToeViewTest" time="0.008"/>
  <system-out><![CDATA[]]></system-out>
  <system-err><![CDATA[]]></system-err>
</testsuite>
